<?xml version="1.0" encoding="UTF-8"?>
<testng-results ignored="0" total="3" passed="3" failed="0" skipped="0">
  <reporter-output>
  </reporter-output>
  <suite started-at="2025-12-28T17:41:24 MST" name="Surefire suite" finished-at="2025-12-28T17:41:24 MST" duration-ms="37">
    <groups>
    </groups>
    <test started-at="2025-12-28T17:41:24 MST" name="Surefire test" finished-at="2025-12-28T17:41:24 MST" duration-ms="37">
      <class name="PP.Test1">
        <test-method signature="m1()[pri:0, instance:PP.Test1@1677d1]" started-at="2025-12-28T17:41:24 MST" name="m1" finished-at="2025-12-28T17:41:24 MST" duration-ms="1" status="PASS">
          <reporter-output>
          </reporter-output>
        </test-method> <!-- m1 -->
        <test-method signature="m2()[pri:0, instance:PP.Test1@1677d1]" started-at="2025-12-28T17:41:24 MST" name="m2" finished-at="2025-12-28T17:41:24 MST" duration-ms="2" status="PASS">
          <reporter-output>
          </reporter-output>
        </test-method> <!-- m2 -->
        <test-method signature="m3()[pri:0, instance:PP.Test1@1677d1]" started-at="2025-12-28T17:41:24 MST" name="m3" finished-at="2025-12-28T17:41:24 MST" duration-ms="0" status="PASS">
          <reporter-output>
          </reporter-output>
        </test-method> <!-- m3 -->
      </class> <!-- PP.Test1 -->
    </test> <!-- Surefire test -->
  </suite> <!-- Surefire suite -->
</testng-results>
