<?xml version="1.0" encoding="UTF-8"?>
<testng-results ignored="0" total="3" passed="3" failed="0" skipped="0">
  <reporter-output>
  </reporter-output>
  <suite started-at="2025-12-28T17:40:42 MST" name="Suite" finished-at="2025-12-28T17:40:42 MST" duration-ms="66">
    <groups>
    </groups>
    <test started-at="2025-12-28T17:40:42 MST" name="Test" finished-at="2025-12-28T17:40:42 MST" duration-ms="66">
      <class name="PP.Test1">
        <test-method signature="m1()[pri:0, instance:PP.Test1@4c583ecf]" started-at="2025-12-28T17:40:42 MST" name="m1" finished-at="2025-12-28T17:40:42 MST" duration-ms="13" status="PASS">
          <reporter-output>
          </reporter-output>
        </test-method> <!-- m1 -->
        <test-method signature="m2()[pri:0, instance:PP.Test1@4c583ecf]" started-at="2025-12-28T17:40:42 MST" name="m2" finished-at="2025-12-28T17:40:42 MST" duration-ms="0" status="PASS">
          <reporter-output>
          </reporter-output>
        </test-method> <!-- m2 -->
        <test-method signature="m3()[pri:0, instance:PP.Test1@4c583ecf]" started-at="2025-12-28T17:40:42 MST" name="m3" finished-at="2025-12-28T17:40:42 MST" duration-ms="1" status="PASS">
          <reporter-output>
          </reporter-output>
        </test-method> <!-- m3 -->
      </class> <!-- PP.Test1 -->
    </test> <!-- Test -->
  </suite> <!-- Suite -->
</testng-results>
